# JRE version: OpenJDK Runtime Environment (8.0_202) (build 1.8.0_202-release-1483-b49-5587405)
# Java VM: OpenJDK 64-Bit Server VM (25.202-b49-5587405 mixed mode linux-amd64 compressed oops)
Heap:
 PSYoungGen      total 466944K, used 0K [0x00000000e0000000, 0x0000000100000000, 0x0000000100000000)
  eden space 417792K, 0% used [0x00000000e0000000,0x00000000e0000000,0x00000000f9800000)
  from space 49152K, 0% used [0x00000000f9800000,0x00000000f9800000,0x00000000fc800000)
  to   space 57344K, 0% used [0x00000000fc800000,0x00000000fc800000,0x0000000100000000)
 ParOldGen       total 239104K, used 186744K [0x00000000a0000000, 0x00000000ae980000, 0x00000000e0000000)
  object space 239104K, 78% used [0x00000000a0000000,0x00000000ab65e0d0,0x00000000ae980000)
 Metaspace       used 96055K, capacity 100836K, committed 100952K, reserved 1136640K
  class space    used 12059K, capacity 13112K, committed 13184K, reserved 1048576K
GC Heap History (10 events):
Event: 768.057 GC heap after
Heap after GC invocations=36 (full 5):
 PSYoungGen      total 472064K, used 9766K [0x00000000e0000000, 0x0000000100000000, 0x0000000100000000)
  eden space 425984K, 0% used [0x00000000e0000000,0x00000000e0000000,0x00000000fa000000)
  from space 46080K, 21% used [0x00000000fa000000,0x00000000fa989968,0x00000000fcd00000)
  to   space 44544K, 0% used [0x00000000fd480000,0x00000000fd480000,0x0000000100000000)
 ParOldGen       total 239104K, used 187826K [0x00000000a0000000, 0x00000000ae980000, 0x00000000e0000000)
  object space 239104K, 78% used [0x00000000a0000000,0x00000000ab76ca48,0x00000000ae980000)
 Metaspace       used 93572K, capacity 97876K, committed 98264K, reserved 1134592K
  class space    used 11752K, capacity 12716K, committed 12800K, reserved 1048576K
}
Event: 829.752 GC heap before
{Heap before GC invocations=37 (full 5):
 PSYoungGen      total 472064K, used 435750K [0x00000000e0000000, 0x0000000100000000, 0x0000000100000000)
  eden space 425984K, 100% used [0x00000000e0000000,0x00000000fa000000,0x00000000fa000000)
  from space 46080K, 21% used [0x00000000fa000000,0x00000000fa989968,0x00000000fcd00000)
  to   space 44544K, 0% used [0x00000000fd480000,0x00000000fd480000,0x0000000100000000)
 ParOldGen       total 239104K, used 187826K [0x00000000a0000000, 0x00000000ae980000, 0x00000000e0000000)
  object space 239104K, 78% used [0x00000000a0000000,0x00000000ab76ca48,0x00000000ae980000)
 Metaspace       used 93916K, capacity 98308K, committed 98648K, reserved 1134592K
  class space    used 11786K, capacity 12802K, committed 12928K, reserved 1048576K
Event: 831.265 GC heap after
Heap after GC invocations=37 (full 5):
 PSYoungGen      total 477696K, used 26615K [0x00000000e0000000, 0x0000000100000000, 0x0000000100000000)
  eden space 433152K, 0% used [0x00000000e0000000,0x00000000e0000000,0x00000000fa700000)
  from space 44544K, 59% used [0x00000000fd480000,0x00000000fee7dd68,0x0000000100000000)
  to   space 45568K, 0% used [0x00000000fa700000,0x00000000fa700000,0x00000000fd380000)
 ParOldGen       total 239104K, used 192069K [0x00000000a0000000, 0x00000000ae980000, 0x00000000e0000000)
  object space 239104K, 80% used [0x00000000a0000000,0x00000000abb915f8,0x00000000ae980000)
 Metaspace       used 93916K, capacity 98308K, committed 98648K, reserved 1134592K
  class space    used 11786K, capacity 12802K, committed 12928K, reserved 1048576K
}
Event: 844.453 GC heap before
{Heap before GC invocations=38 (full 5):
 PSYoungGen      total 477696K, used 459767K [0x00000000e0000000, 0x0000000100000000, 0x0000000100000000)
  eden space 433152K, 100% used [0x00000000e0000000,0x00000000fa700000,0x00000000fa700000)
  from space 44544K, 59% used [0x00000000fd480000,0x00000000fee7dd68,0x0000000100000000)
  to   space 45568K, 0% used [0x00000000fa700000,0x00000000fa700000,0x00000000fd380000)
 ParOldGen       total 239104K, used 192069K [0x00000000a0000000, 0x00000000ae980000, 0x00000000e0000000)
  object space 239104K, 80% used [0x00000000a0000000,0x00000000abb915f8,0x00000000ae980000)
 Metaspace       used 94569K, capacity 99092K, committed 99160K, reserved 1136640K
  class space    used 11853K, capacity 12878K, committed 12928K, reserved 1048576K
Event: 844.473 GC heap after
Heap after GC invocations=38 (full 5):
 PSYoungGen      total 478720K, used 992K [0x00000000e0000000, 0x0000000100000000, 0x0000000100000000)
  eden space 433152K, 0% used [0x00000000e0000000,0x00000000e0000000,0x00000000fa700000)
  from space 45568K, 2% used [0x00000000fa700000,0x00000000fa7f8090,0x00000000fd380000)
  to   space 45568K, 0% used [0x00000000fd380000,0x00000000fd380000,0x0000000100000000)
 ParOldGen       total 239104K, used 194385K [0x00000000a0000000, 0x00000000ae980000, 0x00000000e0000000)
  object space 239104K, 81% used [0x00000000a0000000,0x00000000abdd4748,0x00000000ae980000)
 Metaspace       used 94569K, capacity 99092K, committed 99160K, reserved 1136640K
  class space    used 11853K, capacity 12878K, committed 12928K, reserved 1048576K
}
Event: 909.481 GC heap before
{Heap before GC invocations=39 (full 5):
 PSYoungGen      total 478720K, used 433229K [0x00000000e0000000, 0x0000000100000000, 0x0000000100000000)
  eden space 433152K, 99% used [0x00000000e0000000,0x00000000fa61b3f0,0x00000000fa700000)
  from space 45568K, 2% used [0x00000000fa700000,0x00000000fa7f8090,0x00000000fd380000)
  to   space 45568K, 0% used [0x00000000fd380000,0x00000000fd380000,0x0000000100000000)
 ParOldGen       total 239104K, used 194385K [0x00000000a0000000, 0x00000000ae980000, 0x00000000e0000000)
  object space 239104K, 81% used [0x00000000a0000000,0x00000000abdd4748,0x00000000ae980000)
 Metaspace       used 96036K, capacity 100848K, committed 100952K, reserved 1136640K
  class space    used 12059K, capacity 13112K, committed 13184K, reserved 1048576K
Event: 909.711 GC heap after
Heap after GC invocations=39 (full 5):
 PSYoungGen      total 463360K, used 44707K [0x00000000e0000000, 0x0000000100000000, 0x0000000100000000)
  eden space 417792K, 0% used [0x00000000e0000000,0x00000000e0000000,0x00000000f9800000)
  from space 45568K, 98% used [0x00000000fd380000,0x00000000fff28fb8,0x0000000100000000)
  to   space 53248K, 0% used [0x00000000f9800000,0x00000000f9800000,0x00000000fcc00000)
 ParOldGen       total 239104K, used 200601K [0x00000000a0000000, 0x00000000ae980000, 0x00000000e0000000)
  object space 239104K, 83% used [0x00000000a0000000,0x00000000ac3e6440,0x00000000ae980000)
 Metaspace       used 96036K, capacity 100848K, committed 100952K, reserved 1136640K
  class space    used 12059K, capacity 13112K, committed 13184K, reserved 1048576K
}
Event: 914.208 GC heap before
{Heap before GC invocations=40 (full 5):
 PSYoungGen      total 463360K, used 461093K [0x00000000e0000000, 0x0000000100000000, 0x0000000100000000)
  eden space 417792K, 99% used [0x00000000e0000000,0x00000000f96a0578,0x00000000f9800000)
  from space 45568K, 98% used [0x00000000fd380000,0x00000000fff28fb8,0x0000000100000000)
  to   space 53248K, 0% used [0x00000000f9800000,0x00000000f9800000,0x00000000fcc00000)
 ParOldGen       total 239104K, used 200601K [0x00000000a0000000, 0x00000000ae980000, 0x00000000e0000000)
  object space 239104K, 83% used [0x00000000a0000000,0x00000000ac3e6440,0x00000000ae980000)
 Metaspace       used 96066K, capacity 100868K, committed 100952K, reserved 1136640K
  class space    used 12062K, capacity 13118K, committed 13184K, reserved 1048576K
Event: 916.577 GC heap after
Heap after GC invocations=40 (full 5):
 PSYoungGen      total 466944K, used 48845K [0x00000000e0000000, 0x0000000100000000, 0x0000000100000000)
  eden space 417792K, 0% used [0x00000000e0000000,0x00000000e0000000,0x00000000f9800000)
  from space 49152K, 99% used [0x00000000f9800000,0x00000000fc7b3500,0x00000000fc800000)
  to   space 57344K, 0% used [0x00000000fc800000,0x00000000fc800000,0x0000000100000000)
 ParOldGen       total 239104K, used 237521K [0x00000000a0000000, 0x00000000ae980000, 0x00000000e0000000)
  object space 239104K, 99% used [0x00000000a0000000,0x00000000ae7f47c8,0x00000000ae980000)
 Metaspace       used 96066K, capacity 100868K, committed 100952K, reserved 1136640K
  class space    used 12062K, capacity 13118K, committed 13184K, reserved 1048576K
}
Event: 917.127 GC heap before
{Heap before GC invocations=41 (full 6):
 PSYoungGen      total 466944K, used 48845K [0x00000000e0000000, 0x0000000100000000, 0x0000000100000000)
  eden space 417792K, 0% used [0x00000000e0000000,0x00000000e0000000,0x00000000f9800000)
  from space 49152K, 99% used [0x00000000f9800000,0x00000000fc7b3500,0x00000000fc800000)
  to   space 57344K, 0% used [0x00000000fc800000,0x00000000fc800000,0x0000000100000000)
 ParOldGen       total 239104K, used 237521K [0x00000000a0000000, 0x00000000ae980000, 0x00000000e0000000)
  object space 239104K, 99% used [0x00000000a0000000,0x00000000ae7f47c8,0x00000000ae980000)
 Metaspace       used 96066K, capacity 100868K, committed 100952K, reserved 1136640K
  class space    used 12062K, capacity 13118K, committed 13184K, reserved 1048576K

